<?xml version="1.0" encoding="UTF-8"?>
<!-- Generated by org.testng.reporters.JUnitXMLReporter -->
<testsuite ignored="0" hostname="sneha" failures="1" tests="2" name="Test" time="5.114" errors="0" timestamp="2022-08-10T16:08:34 IST">
  <testcase classname="testclasses.LoginTestorghrm" name="gettitle" time="0.007">
    <failure type="java.util.NoSuchElementException">
      <![CDATA[java.util.NoSuchElementException
at testclasses.LoginTestorghrm.gettitle(LoginTestorghrm.java:20)
at java.base/java.util.ArrayList.forEach(ArrayList.java:1511)
... Removed 27 stack frames]]>
    </failure>
  </testcase> <!-- gettitle -->
  <testcase classname="testclasses.LoginTestorghrm" name="loginorghrm" time="4.915"/>
</testsuite> <!-- Test -->
